<?xml version="1.0" encoding="UTF-8"?>
<!-- Generated by org.testng.reporters.JUnitReportReporter -->
<testsuite hostname="DESKTOP-NPK11H1" failures="0" tests="2" name="testng.firsttest" time="0.016" errors="0" timestamp="2022-11-22T09:48:13 GMT" skipped="0">
  <testcase classname="testng.firsttest" name="TestLogOut" time="0.006"/>
  <system-out/>
  <testcase classname="testng.firsttest" name="TestTheTitle" time="0.010"/>
  <system-out/>
</testsuite> <!-- testng.firsttest -->
